2019-12-15 01:54:59.533  WARN 1897 --- [main] ory$DuplicateJsonObjectContextCustomizer : 

Found multiple occurrences of org.json.JSONObject on the class path:

	jar:file:/Users/thales/.m2/repository/org/json/json/20160810/json-20160810.jar!/org/json/JSONObject.class
	jar:file:/Users/thales/.m2/repository/com/vaadin/external/google/android-json/0.0.20131108.vaadin1/android-json-0.0.20131108.vaadin1.jar!/org/json/JSONObject.class

You may wish to exclude one of them to ensure predictable runtime behavior

2019-12-15 01:54:59.561  INFO 1897 --- [main] .b.r.GrandPrognosticatorApplicationTests : Starting GrandPrognosticatorApplicationTests on Thaless-MacBook-Pro.local with PID 1897 (started by thales in /Users/thales/Projects/grand-prognosticator)
2019-12-15 01:54:59.566  INFO 1897 --- [main] .b.r.GrandPrognosticatorApplicationTests : No active profile set, falling back to default profiles: default
2019-12-15 01:55:01.257  INFO 1897 --- [main] org.quartz.impl.StdSchedulerFactory      : Using default implementation for ThreadExecutor
2019-12-15 01:55:01.283  INFO 1897 --- [main] org.quartz.core.SchedulerSignalerImpl    : Initialized Scheduler Signaller of type: class org.quartz.core.SchedulerSignalerImpl
2019-12-15 01:55:01.284  INFO 1897 --- [main] org.quartz.core.QuartzScheduler          : Quartz Scheduler v.2.3.0 created.
2019-12-15 01:55:01.286  INFO 1897 --- [main] org.quartz.simpl.RAMJobStore             : RAMJobStore initialized.
2019-12-15 01:55:01.288  INFO 1897 --- [main] org.quartz.core.QuartzScheduler          : Scheduler meta-data: Quartz Scheduler (v2.3.0) 'quartzScheduler' with instanceId 'NON_CLUSTERED'
  Scheduler class: 'org.quartz.core.QuartzScheduler' - running locally.
  NOT STARTED.
  Currently in standby mode.
  Number of jobs executed: 0
  Using thread pool 'org.quartz.simpl.SimpleThreadPool' - with 10 threads.
  Using job-store 'org.quartz.simpl.RAMJobStore' - which does not support persistence. and is not clustered.

2019-12-15 01:55:01.289  INFO 1897 --- [main] org.quartz.impl.StdSchedulerFactory      : Quartz scheduler 'quartzScheduler' initialized from an externally provided properties instance.
2019-12-15 01:55:01.290  INFO 1897 --- [main] org.quartz.impl.StdSchedulerFactory      : Quartz scheduler version: 2.3.0
2019-12-15 01:55:01.297  INFO 1897 --- [main] org.quartz.core.QuartzScheduler          : JobFactory set to: org.springframework.scheduling.quartz.SpringBeanJobFactory@3228d990
2019-12-15 01:55:01.422  INFO 1897 --- [main] o.s.s.quartz.SchedulerFactoryBean        : Starting Quartz Scheduler now
2019-12-15 01:55:01.424  INFO 1897 --- [main] org.quartz.core.QuartzScheduler          : Scheduler quartzScheduler_$_NON_CLUSTERED started.
2019-12-15 01:55:01.470  INFO 1897 --- [main] .b.r.GrandPrognosticatorApplicationTests : Started GrandPrognosticatorApplicationTests in 2.573 seconds (JVM running for 4.299)
2019-12-15 01:55:01.918  INFO 1897 --- [Thread-3] org.quartz.core.QuartzScheduler          : Scheduler quartzScheduler_$_NON_CLUSTERED paused.
2019-12-15 01:55:01.918  INFO 1897 --- [Thread-3] o.s.s.quartz.SchedulerFactoryBean        : Shutting down Quartz Scheduler
2019-12-15 01:55:01.919  INFO 1897 --- [Thread-3] org.quartz.core.QuartzScheduler          : Scheduler quartzScheduler_$_NON_CLUSTERED shutting down.
2019-12-15 01:55:01.919  INFO 1897 --- [Thread-3] org.quartz.core.QuartzScheduler          : Scheduler quartzScheduler_$_NON_CLUSTERED paused.
2019-12-15 01:55:01.919  INFO 1897 --- [Thread-3] org.quartz.core.QuartzScheduler          : Scheduler quartzScheduler_$_NON_CLUSTERED shutdown complete.
2019-12-15 01:56:18.021  WARN 2158 --- [main] ory$DuplicateJsonObjectContextCustomizer : 

Found multiple occurrences of org.json.JSONObject on the class path:

	jar:file:/Users/thales/.m2/repository/org/json/json/20160810/json-20160810.jar!/org/json/JSONObject.class
	jar:file:/Users/thales/.m2/repository/com/vaadin/external/google/android-json/0.0.20131108.vaadin1/android-json-0.0.20131108.vaadin1.jar!/org/json/JSONObject.class

You may wish to exclude one of them to ensure predictable runtime behavior

2019-12-15 01:56:18.052  INFO 2158 --- [main] .b.r.GrandPrognosticatorApplicationTests : Starting GrandPrognosticatorApplicationTests on Thaless-MacBook-Pro.local with PID 2158 (started by thales in /Users/thales/Projects/grand-prognosticator)
2019-12-15 01:56:18.053  INFO 2158 --- [main] .b.r.GrandPrognosticatorApplicationTests : No active profile set, falling back to default profiles: default
2019-12-15 01:56:20.445  INFO 2158 --- [main] org.quartz.impl.StdSchedulerFactory      : Using default implementation for ThreadExecutor
2019-12-15 01:56:20.476  INFO 2158 --- [main] org.quartz.core.SchedulerSignalerImpl    : Initialized Scheduler Signaller of type: class org.quartz.core.SchedulerSignalerImpl
2019-12-15 01:56:20.476  INFO 2158 --- [main] org.quartz.core.QuartzScheduler          : Quartz Scheduler v.2.3.0 created.
2019-12-15 01:56:20.478  INFO 2158 --- [main] org.quartz.simpl.RAMJobStore             : RAMJobStore initialized.
2019-12-15 01:56:20.481  INFO 2158 --- [main] org.quartz.core.QuartzScheduler          : Scheduler meta-data: Quartz Scheduler (v2.3.0) 'quartzScheduler' with instanceId 'NON_CLUSTERED'
  Scheduler class: 'org.quartz.core.QuartzScheduler' - running locally.
  NOT STARTED.
  Currently in standby mode.
  Number of jobs executed: 0
  Using thread pool 'org.quartz.simpl.SimpleThreadPool' - with 10 threads.
  Using job-store 'org.quartz.simpl.RAMJobStore' - which does not support persistence. and is not clustered.

2019-12-15 01:56:20.482  INFO 2158 --- [main] org.quartz.impl.StdSchedulerFactory      : Quartz scheduler 'quartzScheduler' initialized from an externally provided properties instance.
2019-12-15 01:56:20.482  INFO 2158 --- [main] org.quartz.impl.StdSchedulerFactory      : Quartz scheduler version: 2.3.0
2019-12-15 01:56:20.482  INFO 2158 --- [main] org.quartz.core.QuartzScheduler          : JobFactory set to: org.springframework.scheduling.quartz.SpringBeanJobFactory@51c929ae
2019-12-15 01:56:20.628  INFO 2158 --- [main] o.s.s.quartz.SchedulerFactoryBean        : Starting Quartz Scheduler now
2019-12-15 01:56:20.629  INFO 2158 --- [main] org.quartz.core.QuartzScheduler          : Scheduler quartzScheduler_$_NON_CLUSTERED started.
2019-12-15 01:56:20.648  INFO 2158 --- [main] .b.r.GrandPrognosticatorApplicationTests : Started GrandPrognosticatorApplicationTests in 3.304 seconds (JVM running for 4.953)
2019-12-15 01:56:21.008  INFO 2158 --- [Thread-3] org.quartz.core.QuartzScheduler          : Scheduler quartzScheduler_$_NON_CLUSTERED paused.
2019-12-15 01:56:21.009  INFO 2158 --- [Thread-3] o.s.s.quartz.SchedulerFactoryBean        : Shutting down Quartz Scheduler
2019-12-15 01:56:21.010  INFO 2158 --- [Thread-3] org.quartz.core.QuartzScheduler          : Scheduler quartzScheduler_$_NON_CLUSTERED shutting down.
2019-12-15 01:56:21.010  INFO 2158 --- [Thread-3] org.quartz.core.QuartzScheduler          : Scheduler quartzScheduler_$_NON_CLUSTERED paused.
2019-12-15 01:56:21.015  INFO 2158 --- [Thread-3] org.quartz.core.QuartzScheduler          : Scheduler quartzScheduler_$_NON_CLUSTERED shutdown complete.
2019-12-15 01:58:18.183  INFO 2386 --- [restartedMain] e.t.b.r.GrandPrognosticatorApplication   : Starting GrandPrognosticatorApplication on Thaless-MacBook-Pro.local with PID 2386 (/Users/thales/Projects/grand-prognosticator/target/classes started by thales in /Users/thales/Projects/grand-prognosticator)
2019-12-15 01:58:18.241  INFO 2386 --- [restartedMain] e.t.b.r.GrandPrognosticatorApplication   : No active profile set, falling back to default profiles: default
2019-12-15 01:58:18.371  INFO 2386 --- [restartedMain] .e.DevToolsPropertyDefaultsPostProcessor : Devtools property defaults active! Set 'spring.devtools.add-properties' to 'false' to disable
2019-12-15 01:58:21.603  INFO 2386 --- [restartedMain] org.quartz.impl.StdSchedulerFactory      : Using default implementation for ThreadExecutor
2019-12-15 01:58:21.671  INFO 2386 --- [restartedMain] org.quartz.core.SchedulerSignalerImpl    : Initialized Scheduler Signaller of type: class org.quartz.core.SchedulerSignalerImpl
2019-12-15 01:58:21.671  INFO 2386 --- [restartedMain] org.quartz.core.QuartzScheduler          : Quartz Scheduler v.2.3.0 created.
2019-12-15 01:58:21.674  INFO 2386 --- [restartedMain] org.quartz.simpl.RAMJobStore             : RAMJobStore initialized.
2019-12-15 01:58:21.676  INFO 2386 --- [restartedMain] org.quartz.core.QuartzScheduler          : Scheduler meta-data: Quartz Scheduler (v2.3.0) 'quartzScheduler' with instanceId 'NON_CLUSTERED'
  Scheduler class: 'org.quartz.core.QuartzScheduler' - running locally.
  NOT STARTED.
  Currently in standby mode.
  Number of jobs executed: 0
  Using thread pool 'org.quartz.simpl.SimpleThreadPool' - with 10 threads.
  Using job-store 'org.quartz.simpl.RAMJobStore' - which does not support persistence. and is not clustered.

2019-12-15 01:58:21.677  INFO 2386 --- [restartedMain] org.quartz.impl.StdSchedulerFactory      : Quartz scheduler 'quartzScheduler' initialized from an externally provided properties instance.
2019-12-15 01:58:21.679  INFO 2386 --- [restartedMain] org.quartz.impl.StdSchedulerFactory      : Quartz scheduler version: 2.3.0
2019-12-15 01:58:21.682  INFO 2386 --- [restartedMain] org.quartz.core.QuartzScheduler          : JobFactory set to: org.springframework.scheduling.quartz.SpringBeanJobFactory@17c09804
2019-12-15 01:58:21.892  INFO 2386 --- [restartedMain] o.s.b.d.a.OptionalLiveReloadServer       : LiveReload server is running on port 35729
2019-12-15 01:58:21.996  INFO 2386 --- [restartedMain] o.s.s.quartz.SchedulerFactoryBean        : Starting Quartz Scheduler now
2019-12-15 01:58:21.997  INFO 2386 --- [restartedMain] org.quartz.core.QuartzScheduler          : Scheduler quartzScheduler_$_NON_CLUSTERED started.
2019-12-15 01:58:22.039  INFO 2386 --- [restartedMain] e.t.b.r.GrandPrognosticatorApplication   : Started GrandPrognosticatorApplication in 5.701 seconds (JVM running for 8.66)
2019-12-15 01:58:24.039  INFO 2386 --- [restartedMain] net.dv8tion.jda.core.JDA                 : Login Successful!
2019-12-15 01:58:24.595  INFO 2386 --- [JDA MainWS-WriteThread] n.d.jda.core.requests.WebSocketClient    : Connected to WebSocket
2019-12-15 01:58:24.847  INFO 2386 --- [JDA MainWS-ReadThread] net.dv8tion.jda.core.JDA                 : Finished Loading!
2019-12-15 02:01:05.266 ERROR 2386 --- [JDA MainWS-ReadThread] e.t.bot.rpg.service.ActivityService      : ID may not be null
2019-12-15 02:01:05.278 ERROR 2386 --- [JDA MainWS-ReadThread] net.dv8tion.jda.core.JDA                 : One of the EventListeners had an uncaught exception

java.lang.RuntimeException: java.lang.IllegalArgumentException: ID may not be null
	at es.thalesalv.bot.rpg.service.ActivityService.onGuildMemberRoleAdd(ActivityService.java:163) ~[classes/:na]
	at net.dv8tion.jda.core.hooks.ListenerAdapter.onEvent(ListenerAdapter.java:561) ~[JDA-3.8.3_462.jar:3.8.3_462]
	at net.dv8tion.jda.core.hooks.InterfacedEventManager.handle(InterfacedEventManager.java:84) ~[JDA-3.8.3_462.jar:3.8.3_462]
	at net.dv8tion.jda.core.handle.GuildMemberUpdateHandler.handleInternally(GuildMemberUpdateHandler.java:102) [JDA-3.8.3_462.jar:3.8.3_462]
	at net.dv8tion.jda.core.handle.SocketHandler.handle(SocketHandler.java:37) [JDA-3.8.3_462.jar:3.8.3_462]
	at net.dv8tion.jda.core.requests.WebSocketClient.onDispatch(WebSocketClient.java:868) [JDA-3.8.3_462.jar:3.8.3_462]
	at net.dv8tion.jda.core.requests.WebSocketClient.onEvent(WebSocketClient.java:766) [JDA-3.8.3_462.jar:3.8.3_462]
	at net.dv8tion.jda.core.requests.WebSocketClient.handleEvent(WebSocketClient.java:745) [JDA-3.8.3_462.jar:3.8.3_462]
	at net.dv8tion.jda.core.requests.WebSocketClient.onBinaryMessage(WebSocketClient.java:903) [JDA-3.8.3_462.jar:3.8.3_462]
	at com.neovisionaries.ws.client.ListenerManager.callOnBinaryMessage(ListenerManager.java:368) [nv-websocket-client-2.5.jar:na]
	at com.neovisionaries.ws.client.ReadingThread.callOnBinaryMessage(ReadingThread.java:270) [nv-websocket-client-2.5.jar:na]
	at com.neovisionaries.ws.client.ReadingThread.handleBinaryFrame(ReadingThread.java:990) [nv-websocket-client-2.5.jar:na]
	at com.neovisionaries.ws.client.ReadingThread.handleFrame(ReadingThread.java:749) [nv-websocket-client-2.5.jar:na]
	at com.neovisionaries.ws.client.ReadingThread.main(ReadingThread.java:108) [nv-websocket-client-2.5.jar:na]
	at com.neovisionaries.ws.client.ReadingThread.runMain(ReadingThread.java:64) [nv-websocket-client-2.5.jar:na]
	at com.neovisionaries.ws.client.WebSocketThread.run(WebSocketThread.java:45) [nv-websocket-client-2.5.jar:na]
Caused by: java.lang.IllegalArgumentException: ID may not be null
	at net.dv8tion.jda.core.utils.Checks.notNull(Checks.java:56) ~[JDA-3.8.3_462.jar:3.8.3_462]
	at net.dv8tion.jda.core.utils.Checks.notEmpty(Checks.java:61) ~[JDA-3.8.3_462.jar:3.8.3_462]
	at net.dv8tion.jda.core.utils.MiscUtil.parseSnowflake(MiscUtil.java:202) ~[JDA-3.8.3_462.jar:3.8.3_462]
	at net.dv8tion.jda.core.utils.cache.SnowflakeCacheView.getElementById(SnowflakeCacheView.java:52) ~[JDA-3.8.3_462.jar:3.8.3_462]
	at net.dv8tion.jda.core.JDA.getGuildById(JDA.java:534) ~[JDA-3.8.3_462.jar:3.8.3_462]
	at es.thalesalv.bot.rpg.service.ActivityService.setUp(ActivityService.java:49) ~[classes/:na]
	at es.thalesalv.bot.rpg.service.ActivityService.onGuildMemberRoleAdd(ActivityService.java:139) ~[classes/:na]
	... 15 common frames omitted

2019-12-15 02:02:17.443  INFO 2386 --- [Thread-8] org.quartz.core.QuartzScheduler          : Scheduler quartzScheduler_$_NON_CLUSTERED paused.
2019-12-15 02:02:17.454  INFO 2386 --- [Thread-8] o.s.s.quartz.SchedulerFactoryBean        : Shutting down Quartz Scheduler
2019-12-15 02:02:17.455  INFO 2386 --- [Thread-8] org.quartz.core.QuartzScheduler          : Scheduler quartzScheduler_$_NON_CLUSTERED shutting down.
2019-12-15 02:02:17.455  INFO 2386 --- [Thread-8] org.quartz.core.QuartzScheduler          : Scheduler quartzScheduler_$_NON_CLUSTERED paused.
2019-12-15 02:02:17.457  INFO 2386 --- [Thread-8] org.quartz.core.QuartzScheduler          : Scheduler quartzScheduler_$_NON_CLUSTERED shutdown complete.
